nohup: ignoring input
тЬЕ V2.5.2 Copy Trading EXECUTING REAL TRADES (Test Mode Active)
Monitoring 8 wallets | Copy ratio: 20.0%
тЬЕ V2.5.1 Protection Module loaded successfully
Real USDT: 0.00 | USDC: 0.00 | WMATIC: 0.00 | POL: 0.00

[nanoclaw] === CYCLE 1777774002 | BALANCES: USDT=$0.00 USDC=$0.00 WMATIC=$0.00 ===
ЁЯФН BALANCES | USDT=$0.00 USDC=$0.00 WMATICтЙИ0.00 USD | POL=0.0043 | copy_targets=8
ЁЯФН DECISION PATH | precedence: PROTECTION тЖТ PROFIT_TAKE тЖТ X_SIGNAL_EQUITY тЖТ USDC_COPY | POLYCOPY тЖТ MAIN_STRATEGY
[nanoclaw] Runtime config | TAKE_PROFIT_PCT=8.00 STRONG_SIGNAL_TP=12.00 PER_ASSET_COOLDOWN_MINUTES=30
ЁЯУИ Holding open trade | buy $0.0971 -> now $0.0969 (-0.16%), peak $0.0974 (0.29%)
ЁЯФН DECISION PATH: POLYCOPY_TARGET_WALLETS
ЁЯФД REAL POLYCOPY MODE (28%) - Monitoring live wallets
[nanoclaw] AUTO-POL skipped тАФ no private key
[nanoclaw] TRADE SKIPPED: POL low (auto top-up failed; need 0.0050)
[nanoclaw] AUTO-POL failed тАФ trade blocked (pol<0.005)
тЬЕ V2.5.2 Copy Trading EXECUTING REAL TRADES (Test Mode Active)
Monitoring 8 wallets | Copy ratio: 20.0%
тЬЕ V2.5.1 Protection Module loaded successfully
Real USDT: 0.00 | USDC: 0.00 | WMATIC: 0.00 | POL: 0.00

[nanoclaw] === CYCLE 1777774253 | BALANCES: USDT=$0.00 USDC=$0.00 WMATIC=$0.00 ===
ЁЯФН BALANCES | USDT=$0.00 USDC=$0.00 WMATICтЙИ0.00 USD | POL=0.0043 | copy_targets=8
ЁЯФН DECISION PATH | precedence: PROTECTION тЖТ PROFIT_TAKE тЖТ X_SIGNAL_EQUITY тЖТ USDC_COPY | POLYCOPY тЖТ MAIN_STRATEGY
[nanoclaw] Runtime config | TAKE_PROFIT_PCT=8.00 STRONG_SIGNAL_TP=12.00 PER_ASSET_COOLDOWN_MINUTES=30
ЁЯУИ Holding open trade | buy $0.0971 -> now $0.0969 (-0.16%), peak $0.0974 (0.29%)
ЁЯФН DECISION PATH: POLYCOPY_TARGET_WALLETS
ЁЯФД REAL POLYCOPY MODE (28%) - Monitoring live wallets
[nanoclaw] AUTO-POL skipped тАФ no private key
[nanoclaw] TRADE SKIPPED: POL low (auto top-up failed; need 0.0050)
[nanoclaw] AUTO-POL failed тАФ trade blocked (pol<0.005)
тЬЕ V2.5.2 Copy Trading EXECUTING REAL TRADES (Test Mode Active)
Monitoring 8 wallets | Copy ratio: 20.0%
тЬЕ V2.5.1 Protection Module loaded successfully
Real USDT: 0.00 | USDC: 0.00 | WMATIC: 0.00 | POL: 0.00

[nanoclaw] === CYCLE 1777774550 | BALANCES: USDT=$0.00 USDC=$0.00 WMATIC=$0.00 ===
ЁЯФН BALANCES | USDT=$0.00 USDC=$0.00 WMATICтЙИ0.00 USD | POL=0.0043 | copy_targets=8
ЁЯФН DECISION PATH | precedence: PROTECTION тЖТ PROFIT_TAKE тЖТ X_SIGNAL_EQUITY тЖТ USDC_COPY | POLYCOPY тЖТ MAIN_STRATEGY
[nanoclaw] Runtime config | TAKE_PROFIT_PCT=8.00 STRONG_SIGNAL_TP=12.00 PER_ASSET_COOLDOWN_MINUTES=30
ЁЯУИ Holding open trade | buy $0.0971 -> now $0.0969 (-0.16%), peak $0.0974 (0.29%)
ЁЯФН DECISION PATH: POLYCOPY_TARGET_WALLETS
ЁЯФД REAL POLYCOPY MODE (28%) - Monitoring live wallets
[nanoclaw] AUTO-POL skipped тАФ no private key
[nanoclaw] TRADE SKIPPED: POL low (auto top-up failed; need 0.0050)
[nanoclaw] AUTO-POL failed тАФ trade blocked (pol<0.005)
тЬЕ V2.5.2 Copy Trading EXECUTING REAL TRADES (Test Mode Active)
Monitoring 8 wallets | Copy ratio: 20.0%
тЬЕ V2.5.1 Protection Module loaded successfully
Real USDT: 0.00 | USDC: 0.00 | WMATIC: 0.00 | POL: 0.00

[nanoclaw] === CYCLE 1777774853 | BALANCES: USDT=$0.00 USDC=$0.00 WMATIC=$0.00 ===
ЁЯФН BALANCES | USDT=$0.00 USDC=$0.00 WMATICтЙИ0.00 USD | POL=0.0043 | copy_targets=8
ЁЯФН DECISION PATH | precedence: PROTECTION тЖТ PROFIT_TAKE тЖТ X_SIGNAL_EQUITY тЖТ USDC_COPY | POLYCOPY тЖТ MAIN_STRATEGY
[nanoclaw] Runtime config | TAKE_PROFIT_PCT=8.00 STRONG_SIGNAL_TP=12.00 PER_ASSET_COOLDOWN_MINUTES=30
ЁЯУИ Holding open trade | buy $0.0971 -> now $0.0969 (-0.16%), peak $0.0974 (0.29%)
ЁЯФН DECISION PATH: POLYCOPY_TARGET_WALLETS
ЁЯФД REAL POLYCOPY MODE (28%) - Monitoring live wallets
[nanoclaw] AUTO-POL skipped тАФ no private key
[nanoclaw] TRADE SKIPPED: POL low (auto top-up failed; need 0.0050)
[nanoclaw] AUTO-POL failed тАФ trade blocked (pol<0.005)
тЬЕ V2.5.2 Copy Trading EXECUTING REAL TRADES (Test Mode Active)
Monitoring 8 wallets | Copy ratio: 20.0%
тЬЕ V2.5.1 Protection Module loaded successfully
Real USDT: 0.00 | USDC: 0.00 | WMATIC: 0.00 | POL: 0.00
тЫФ Lock active тАФ skipping
тЬЕ V2.5.2 Copy Trading EXECUTING REAL TRADES (Test Mode Active)
Monitoring 8 wallets | Copy ratio: 20.0%
тЬЕ V2.5.1 Protection Module loaded successfully
Real USDT: 0.00 | USDC: 0.00 | WMATIC: 0.00 | POL: 0.00

[nanoclaw] === CYCLE 1777775452 | BALANCES: USDT=$0.00 USDC=$0.00 WMATIC=$0.00 ===
ЁЯФН BALANCES | USDT=$0.00 USDC=$0.00 WMATICтЙИ0.00 USD | POL=0.0043 | copy_targets=8
ЁЯФН DECISION PATH | precedence: PROTECTION тЖТ PROFIT_TAKE тЖТ X_SIGNAL_EQUITY тЖТ USDC_COPY | POLYCOPY тЖТ MAIN_STRATEGY
[nanoclaw] Runtime config | TAKE_PROFIT_PCT=8.00 STRONG_SIGNAL_TP=12.00 PER_ASSET_COOLDOWN_MINUTES=30
ЁЯУИ Holding open trade | buy $0.0971 -> now $0.0969 (-0.16%), peak $0.0974 (0.29%)
ЁЯФН DECISION PATH: POLYCOPY_TARGET_WALLETS
ЁЯФД REAL POLYCOPY MODE (28%) - Monitoring live wallets
[nanoclaw] AUTO-POL skipped тАФ no private key
[nanoclaw] TRADE SKIPPED: POL low (auto top-up failed; need 0.0050)
[nanoclaw] AUTO-POL failed тАФ trade blocked (pol<0.005)
тЬЕ V2.5.2 Copy Trading EXECUTING REAL TRADES (Test Mode Active)
Monitoring 8 wallets | Copy ratio: 20.0%
тЬЕ V2.5.1 Protection Module loaded successfully
Real USDT: 0.00 | USDC: 0.00 | WMATIC: 0.00 | POL: 0.00

[nanoclaw] === CYCLE 1777776053 | BALANCES: USDT=$0.00 USDC=$0.00 WMATIC=$0.00 ===
ЁЯФН BALANCES | USDT=$0.00 USDC=$0.00 WMATICтЙИ0.00 USD | POL=0.0043 | copy_targets=8
ЁЯФН DECISION PATH | precedence: PROTECTION тЖТ PROFIT_TAKE тЖТ X_SIGNAL_EQUITY тЖТ USDC_COPY | POLYCOPY тЖТ MAIN_STRATEGY
[nanoclaw] Runtime config | TAKE_PROFIT_PCT=8.00 STRONG_SIGNAL_TP=12.00 PER_ASSET_COOLDOWN_MINUTES=30
ЁЯУИ Holding open trade | buy $0.0971 -> now $0.0969 (-0.16%), peak $0.0974 (0.29%)
ЁЯФН DECISION PATH: POLYCOPY_TARGET_WALLETS
ЁЯФД REAL POLYCOPY MODE (28%) - Monitoring live wallets
[nanoclaw] AUTO-POL skipped тАФ no private key
[nanoclaw] TRADE SKIPPED: POL low (auto top-up failed; need 0.0050)
[nanoclaw] AUTO-POL failed тАФ trade blocked (pol<0.005)
тЬЕ V2.5.2 Copy Trading EXECUTING REAL TRADES (Test Mode Active)
Monitoring 8 wallets | Copy ratio: 20.0%
тЬЕ V2.5.1 Protection Module loaded successfully
Real USDT: 0.00 | USDC: 0.00 | WMATIC: 0.00 | POL: 0.00

[nanoclaw] === CYCLE 1777776359 | BALANCES: USDT=$0.00 USDC=$0.00 WMATIC=$0.00 ===
ЁЯФН BALANCES | USDT=$0.00 USDC=$0.00 WMATICтЙИ0.00 USD | POL=0.0043 | copy_targets=8
ЁЯФН DECISION PATH | precedence: PROTECTION тЖТ PROFIT_TAKE тЖТ X_SIGNAL_EQUITY тЖТ USDC_COPY | POLYCOPY тЖТ MAIN_STRATEGY
[nanoclaw] Runtime config | TAKE_PROFIT_PCT=8.00 STRONG_SIGNAL_TP=12.00 PER_ASSET_COOLDOWN_MINUTES=30
ЁЯУИ Holding open trade | buy $0.0971 -> now $0.0969 (-0.16%), peak $0.0974 (0.29%)
ЁЯФН DECISION PATH: POLYCOPY_TARGET_WALLETS
ЁЯФД REAL POLYCOPY MODE (28%) - Monitoring live wallets
[nanoclaw] AUTO-POL skipped тАФ no private key
[nanoclaw] TRADE SKIPPED: POL low (auto top-up failed; need 0.0050)
[nanoclaw] AUTO-POL failed тАФ trade blocked (pol<0.005)
тЬЕ V2.5.2 Copy Trading EXECUTING REAL TRADES (Test Mode Active)
Monitoring 8 wallets | Copy ratio: 20.0%
тЬЕ V2.5.1 Protection Module loaded successfully
Real USDT: 0.00 | USDC: 0.00 | WMATIC: 0.00 | POL: 0.00

[nanoclaw] === CYCLE 1777776653 | BALANCES: USDT=$0.00 USDC=$0.00 WMATIC=$0.00 ===
ЁЯФН BALANCES | USDT=$0.00 USDC=$0.00 WMATICтЙИ0.00 USD | POL=0.0043 | copy_targets=8
ЁЯФН DECISION PATH | precedence: PROTECTION тЖТ PROFIT_TAKE тЖТ X_SIGNAL_EQUITY тЖТ USDC_COPY | POLYCOPY тЖТ MAIN_STRATEGY
[nanoclaw] Runtime config | TAKE_PROFIT_PCT=8.00 STRONG_SIGNAL_TP=12.00 PER_ASSET_COOLDOWN_MINUTES=30
ЁЯУИ Holding open trade | buy $0.0971 -> now $0.0969 (-0.16%), peak $0.0974 (0.29%)
ЁЯФН DECISION PATH: POLYCOPY_TARGET_WALLETS
ЁЯФД REAL POLYCOPY MODE (28%) - Monitoring live wallets
[nanoclaw] AUTO-POL skipped тАФ no private key
[nanoclaw] TRADE SKIPPED: POL low (auto top-up failed; need 0.0050)
[nanoclaw] AUTO-POL failed тАФ trade blocked (pol<0.005)
тЬЕ V2.5.2 Copy Trading EXECUTING REAL TRADES (Test Mode Active)
Monitoring 8 wallets | Copy ratio: 20.0%
тЬЕ V2.5.1 Protection Module loaded successfully
Real USDT: 0.00 | USDC: 0.00 | WMATIC: 0.00 | POL: 0.00
тЫФ Lock active тАФ skipping
тЬЕ V2.5.2 Copy Trading EXECUTING REAL TRADES (Test Mode Active)
Monitoring 8 wallets | Copy ratio: 20.0%
тЬЕ V2.5.1 Protection Module loaded successfully
Real USDT: 0.00 | USDC: 0.00 | WMATIC: 0.00 | POL: 0.00

[nanoclaw] === CYCLE 1777777253 | BALANCES: USDT=$0.00 USDC=$0.00 WMATIC=$0.00 ===
ЁЯФН BALANCES | USDT=$0.00 USDC=$0.00 WMATICтЙИ0.00 USD | POL=0.0043 | copy_targets=8
ЁЯФН DECISION PATH | precedence: PROTECTION тЖТ PROFIT_TAKE тЖТ X_SIGNAL_EQUITY тЖТ USDC_COPY | POLYCOPY тЖТ MAIN_STRATEGY
[nanoclaw] Runtime config | TAKE_PROFIT_PCT=8.00 STRONG_SIGNAL_TP=12.00 PER_ASSET_COOLDOWN_MINUTES=30
ЁЯУИ Holding open trade | buy $0.0971 -> now $0.0971 (0.01%), peak $0.0974 (0.29%)
ЁЯФН DECISION PATH: POLYCOPY_TARGET_WALLETS
ЁЯФД REAL POLYCOPY MODE (28%) - Monitoring live wallets
[nanoclaw] AUTO-POL skipped тАФ no private key
[nanoclaw] TRADE SKIPPED: POL low (auto top-up failed; need 0.0050)
[nanoclaw] AUTO-POL failed тАФ trade blocked (pol<0.005)
тЬЕ V2.5.2 Copy Trading EXECUTING REAL TRADES (Test Mode Active)
Monitoring 8 wallets | Copy ratio: 20.0%
тЬЕ V2.5.1 Protection Module loaded successfully
Real USDT: 0.00 | USDC: 0.00 | WMATIC: 0.00 | POL: 0.00

[nanoclaw] === CYCLE 1777777853 | BALANCES: USDT=$0.00 USDC=$0.00 WMATIC=$0.00 ===
ЁЯФН BALANCES | USDT=$0.00 USDC=$0.00 WMATICтЙИ0.00 USD | POL=0.0043 | copy_targets=8
ЁЯФН DECISION PATH | precedence: PROTECTION тЖТ PROFIT_TAKE тЖТ X_SIGNAL_EQUITY тЖТ USDC_COPY | POLYCOPY тЖТ MAIN_STRATEGY
[nanoclaw] Runtime config | TAKE_PROFIT_PCT=8.00 STRONG_SIGNAL_TP=12.00 PER_ASSET_COOLDOWN_MINUTES=30
ЁЯУИ Holding open trade | buy $0.0971 -> now $0.0971 (0.01%), peak $0.0974 (0.29%)
ЁЯФН DECISION PATH: POLYCOPY_TARGET_WALLETS
ЁЯФД REAL POLYCOPY MODE (28%) - Monitoring live wallets
[nanoclaw] AUTO-POL skipped тАФ no private key
[nanoclaw] TRADE SKIPPED: POL low (auto top-up failed; need 0.0050)
[nanoclaw] AUTO-POL failed тАФ trade blocked (pol<0.005)
тЬЕ V2.5.2 Copy Trading EXECUTING REAL TRADES (Test Mode Active)
Monitoring 8 wallets | Copy ratio: 20.0%
тЬЕ V2.5.1 Protection Module loaded successfully
Real USDT: 0.00 | USDC: 0.00 | WMATIC: 0.00 | POL: 0.00

[nanoclaw] === CYCLE 1777778150 | BALANCES: USDT=$0.00 USDC=$0.00 WMATIC=$0.00 ===
ЁЯФН BALANCES | USDT=$0.00 USDC=$0.00 WMATICтЙИ0.00 USD | POL=0.0043 | copy_targets=8
ЁЯФН DECISION PATH | precedence: PROTECTION тЖТ PROFIT_TAKE тЖТ X_SIGNAL_EQUITY тЖТ USDC_COPY | POLYCOPY тЖТ MAIN_STRATEGY
[nanoclaw] Runtime config | TAKE_PROFIT_PCT=8.00 STRONG_SIGNAL_TP=12.00 PER_ASSET_COOLDOWN_MINUTES=30
ЁЯУИ Holding open trade | buy $0.0971 -> now $0.0971 (0.01%), peak $0.0974 (0.29%)
ЁЯФН DECISION PATH: POLYCOPY_TARGET_WALLETS
ЁЯФД REAL POLYCOPY MODE (28%) - Monitoring live wallets
[nanoclaw] AUTO-POL skipped тАФ no private key
[nanoclaw] TRADE SKIPPED: POL low (auto top-up failed; need 0.0050)
[nanoclaw] AUTO-POL failed тАФ trade blocked (pol<0.005)
тЬЕ V2.5.2 Copy Trading EXECUTING REAL TRADES (Test Mode Active)
Monitoring 8 wallets | Copy ratio: 20.0%
тЬЕ V2.5.1 Protection Module loaded successfully
Real USDT: 0.00 | USDC: 0.00 | WMATIC: 0.00 | POL: 0.00

[nanoclaw] === CYCLE 1777778452 | BALANCES: USDT=$0.00 USDC=$0.00 WMATIC=$0.00 ===
ЁЯФН BALANCES | USDT=$0.00 USDC=$0.00 WMATICтЙИ0.00 USD | POL=0.0043 | copy_targets=8
ЁЯФН DECISION PATH | precedence: PROTECTION тЖТ PROFIT_TAKE тЖТ X_SIGNAL_EQUITY тЖТ USDC_COPY | POLYCOPY тЖТ MAIN_STRATEGY
[nanoclaw] Runtime config | TAKE_PROFIT_PCT=8.00 STRONG_SIGNAL_TP=12.00 PER_ASSET_COOLDOWN_MINUTES=30
ЁЯУИ Holding open trade | buy $0.0971 -> now $0.0971 (0.01%), peak $0.0974 (0.29%)
ЁЯФН DECISION PATH: POLYCOPY_TARGET_WALLETS
ЁЯФД REAL POLYCOPY MODE (28%) - Monitoring live wallets
[nanoclaw] AUTO-POL skipped тАФ no private key
[nanoclaw] TRADE SKIPPED: POL low (auto top-up failed; need 0.0050)
[nanoclaw] AUTO-POL failed тАФ trade blocked (pol<0.005)
